[0.246s] Invoking command in '/home/group4/ros2_ws/build/gazebo_models': /usr/bin/cmake /home/group4/ros2_ws/gazebo_models -DCMAKE_INSTALL_PREFIX=/home/group4/ros2_ws/install/gazebo_models
[0.902s] -- The C compiler identification is GNU 11.4.0
[0.902s] -- The CXX compiler identification is GNU 11.4.0
[0.902s] -- Detecting C compiler ABI info
[0.902s] -- Detecting C compiler ABI info - done
[0.902s] -- Check for working C compiler: /usr/bin/cc - skipped
[0.902s] -- Detecting C compile features
[0.903s] -- Detecting C compile features - done
[0.903s] -- Detecting CXX compiler ABI info
[0.903s] -- Detecting CXX compiler ABI info - done
[0.903s] -- Check for working CXX compiler: /usr/bin/c++ - skipped
[0.903s] -- Detecting CXX compile features
[0.903s] -- Detecting CXX compile features - done
[0.903s] -- Install path: /home/group4/ros2_ws/install/gazebo_models/models
[0.903s] -- Configuring done
[0.904s] -- Generating done
[0.904s] -- Build files have been written to: /home/group4/ros2_ws/build/gazebo_models
[0.904s] [0mCMake Deprecation Warning at CMakeLists.txt:1 (cmake_minimum_required):
[0.904s]   Compatibility with CMake < 2.8.12 will be removed from a future version of
[0.904s]   CMake.
[0.904s] 
[0.905s]   Update the VERSION argument <min> value or use a ...<max> suffix to tell
[0.905s]   CMake that the project does not need compatibility with older versions.
[0.905s] 
[0.905s] [0m
[0.915s] Invoked command in '/home/group4/ros2_ws/build/gazebo_models' returned '0': /usr/bin/cmake /home/group4/ros2_ws/gazebo_models -DCMAKE_INSTALL_PREFIX=/home/group4/ros2_ws/install/gazebo_models
[0.917s] Invoking command in '/home/group4/ros2_ws/build/gazebo_models': /usr/bin/cmake --build /home/group4/ros2_ws/build/gazebo_models -- -j16 -l16
[0.984s] tar: Removing leading `../' from member names
[0.984s] tar: ../ambulance: Cannot stat: No such file or directory
[0.989s] tar: Exiting with failure status due to previous errors
[0.989s] gmake[2]: *** [CMakeFiles/ambulance.dir/build.make:71: CMakeFiles/ambulance] Error 2
[0.992s] gmake[1]: *** [CMakeFiles/Makefile2:593: CMakeFiles/ambulance.dir/all] Error 2
[0.992s] gmake[1]: *** Waiting for unfinished jobs....
[0.992s] tar: Removing leading `../' from member names
[0.992s] tar: ../apollo15_landing_site_1000x1000: Cannot stat: No such file or directory
[0.992s] tar: Removing leading `../' from member names
[0.992s] tar: ../arrow_red: Cannot stat: No such file or directory
[0.992s] tar: Removing leading `../' from member names
[0.992s] tar: ../arm_part: Cannot stat: No such file or directory
[0.992s] tar: Removing leading `../' from member names
[0.992s] tar: ../asphalt_plane: Cannot stat: No such file or directory
[0.993s] tar: Removing leading `../' from member names
[0.993s] tar: ../apartment: Cannot stat: No such file or directory
[0.993s] tar: Removing leading `../' from member names
[0.993s] tar: ../asus_xtion_pro_camera: Cannot stattar: Exiting with failure status due to previous errors
[0.993s] : No such file or directory
[0.993s] tar: Exiting with failure status due to previous errors
[0.993s] gmake[2]: *** [CMakeFiles/apollo15_landing_site_1000x1000.dir/build.make:71: CMakeFiles/apollo15_landing_site_1000x1000] Error 2
[0.993s] gmake[2]: *** [CMakeFiles/arrow_red.dir/build.make:71: CMakeFiles/arrow_red] Error 2
[0.993s] gmake[1]: *** [CMakeFiles/Makefile2:645: CMakeFiles/apollo15_landing_site_1000x1000.dir/all] Error 2
[0.993s] gmake[1]: *** [CMakeFiles/Makefile2:697: CMakeFiles/arrow_red.dir/all] Error 2
[0.993s] tar: Exiting with failure status due to previous errors
[0.993s] gmake[2]: *** [CMakeFiles/arm_part.dir/build.make:71: CMakeFiles/arm_part] Error 2
[0.994s] gmake[1]: *** [CMakeFiles/Makefile2:671: CMakeFiles/arm_part.dir/all] Error 2
[0.994s] tar: Exiting with failure status due to previous errors
[0.994s] gmake[2]: *** [CMakeFiles/asphalt_plane.dir/build.make:71: CMakeFiles/asphalt_plane] Error 2
[0.994s] gmake[1]: *** [CMakeFiles/Makefile2:723: CMakeFiles/asphalt_plane.dir/all] Error 2
[0.994s] tar: Removing leading `../' from member names
[0.994s] tar: ../ball_bearing: Cannot stat: No such file or directory
[0.994s] tar: Exiting with failure status due to previous errors
[0.994s] tar: Exiting with failure status due to previous errors
[0.994s] gmake[2]: *** [CMakeFiles/apartment.dir/build.make:71: CMakeFiles/apartment] Error 2
[0.994s] gmake[2]: *** [CMakeFiles/asus_xtion_pro_camera.dir/build.make:71: CMakeFiles/asus_xtion_pro_camera] Error 2
[0.995s] gmake[1]: *** [CMakeFiles/Makefile2:619: CMakeFiles/apartment.dir/all] Error 2
[0.995s] gmake[1]: *** [CMakeFiles/Makefile2:749: CMakeFiles/asus_xtion_pro_camera.dir/all] Error 2
[0.995s] tar: Exiting with failure status due to previous errors
[0.995s] gmake[2]: *** [CMakeFiles/ball_bearing.dir/build.make:71: CMakeFiles/ball_bearing] Error 2
[0.995s] gmake[1]: *** [CMakeFiles/Makefile2:775: CMakeFiles/ball_bearing.dir/all] Error 2
[0.995s] gmake: *** [Makefile:156: all] Error 2
[1.060s] Invoked command in '/home/group4/ros2_ws/build/gazebo_models' returned '2': /usr/bin/cmake --build /home/group4/ros2_ws/build/gazebo_models -- -j16 -l16
